<?xml version="1.0" encoding="UTF-8"?>
<testsuite xmlns:xsi="http://www.w3.org/2001/XMLSchema-instance" xsi:noNamespaceSchemaLocation="https://maven.apache.org/surefire/maven-surefire-plugin/xsd/surefire-test-report.xsd" name="com.hfuu.graduate.GraduateApplicationTests" time="2.434" tests="1" errors="0" skipped="0" failures="0">
  <properties>
    <property name="sun.desktop" value="windows"/>
    <property name="awt.toolkit" value="sun.awt.windows.WToolkit"/>
    <property name="file.encoding.pkg" value="sun.io"/>
    <property name="java.specification.version" value="1.8"/>
    <property name="sun.cpu.isalist" value="amd64"/>
    <property name="sun.jnu.encoding" value="GBK"/>
    <property name="java.class.path" value="D:\graduate\target\test-classes;D:\graduate\target\classes;D:\work\temp\repository\org\springframework\boot\spring-boot-starter-data-mongodb\2.7.6\spring-boot-starter-data-mongodb-2.7.6.jar;D:\work\temp\repository\org\springframework\boot\spring-boot-starter\2.7.6\spring-boot-starter-2.7.6.jar;D:\work\temp\repository\org\springframework\boot\spring-boot\2.7.6\spring-boot-2.7.6.jar;D:\work\temp\repository\org\springframework\boot\spring-boot-autoconfigure\2.7.6\spring-boot-autoconfigure-2.7.6.jar;D:\work\temp\repository\org\springframework\boot\spring-boot-starter-logging\2.7.6\spring-boot-starter-logging-2.7.6.jar;D:\work\temp\repository\ch\qos\logback\logback-classic\1.2.11\logback-classic-1.2.11.jar;D:\work\temp\repository\ch\qos\logback\logback-core\1.2.11\logback-core-1.2.11.jar;D:\work\temp\repository\org\apache\logging\log4j\log4j-to-slf4j\2.17.2\log4j-to-slf4j-2.17.2.jar;D:\work\temp\repository\org\apache\logging\log4j\log4j-api\2.17.2\log4j-api-2.17.2.jar;D:\work\temp\repository\org\slf4j\jul-to-slf4j\1.7.36\jul-to-slf4j-1.7.36.jar;D:\work\temp\repository\jakarta\annotation\jakarta.annotation-api\1.3.5\jakarta.annotation-api-1.3.5.jar;D:\work\temp\repository\org\yaml\snakeyaml\1.30\snakeyaml-1.30.jar;D:\work\temp\repository\org\mongodb\mongodb-driver-sync\4.6.1\mongodb-driver-sync-4.6.1.jar;D:\work\temp\repository\org\mongodb\bson\4.6.1\bson-4.6.1.jar;D:\work\temp\repository\org\mongodb\mongodb-driver-core\4.6.1\mongodb-driver-core-4.6.1.jar;D:\work\temp\repository\org\mongodb\bson-record-codec\4.6.1\bson-record-codec-4.6.1.jar;D:\work\temp\repository\org\springframework\data\spring-data-mongodb\3.4.6\spring-data-mongodb-3.4.6.jar;D:\work\temp\repository\org\springframework\spring-tx\5.3.24\spring-tx-5.3.24.jar;D:\work\temp\repository\org\springframework\spring-context\5.3.24\spring-context-5.3.24.jar;D:\work\temp\repository\org\springframework\spring-beans\5.3.24\spring-beans-5.3.24.jar;D:\work\temp\repository\org\springframework\spring-expression\5.3.24\spring-expression-5.3.24.jar;D:\work\temp\repository\org\springframework\data\spring-data-commons\2.7.6\spring-data-commons-2.7.6.jar;D:\work\temp\repository\org\slf4j\slf4j-api\1.7.36\slf4j-api-1.7.36.jar;D:\work\temp\repository\org\springframework\boot\spring-boot-starter-web\2.7.6\spring-boot-starter-web-2.7.6.jar;D:\work\temp\repository\org\springframework\boot\spring-boot-starter-json\2.7.6\spring-boot-starter-json-2.7.6.jar;D:\work\temp\repository\com\fasterxml\jackson\core\jackson-databind\2.13.4.2\jackson-databind-2.13.4.2.jar;D:\work\temp\repository\com\fasterxml\jackson\core\jackson-annotations\2.13.4\jackson-annotations-2.13.4.jar;D:\work\temp\repository\com\fasterxml\jackson\core\jackson-core\2.13.4\jackson-core-2.13.4.jar;D:\work\temp\repository\com\fasterxml\jackson\datatype\jackson-datatype-jdk8\2.13.4\jackson-datatype-jdk8-2.13.4.jar;D:\work\temp\repository\com\fasterxml\jackson\datatype\jackson-datatype-jsr310\2.13.4\jackson-datatype-jsr310-2.13.4.jar;D:\work\temp\repository\com\fasterxml\jackson\module\jackson-module-parameter-names\2.13.4\jackson-module-parameter-names-2.13.4.jar;D:\work\temp\repository\org\springframework\boot\spring-boot-starter-tomcat\2.7.6\spring-boot-starter-tomcat-2.7.6.jar;D:\work\temp\repository\org\apache\tomcat\embed\tomcat-embed-core\9.0.69\tomcat-embed-core-9.0.69.jar;D:\work\temp\repository\org\apache\tomcat\embed\tomcat-embed-el\9.0.69\tomcat-embed-el-9.0.69.jar;D:\work\temp\repository\org\apache\tomcat\embed\tomcat-embed-websocket\9.0.69\tomcat-embed-websocket-9.0.69.jar;D:\work\temp\repository\org\springframework\spring-web\5.3.24\spring-web-5.3.24.jar;D:\work\temp\repository\org\springframework\spring-webmvc\5.3.24\spring-webmvc-5.3.24.jar;D:\work\temp\repository\org\springframework\spring-aop\5.3.24\spring-aop-5.3.24.jar;D:\work\temp\repository\com\mysql\mysql-connector-j\8.0.31\mysql-connector-j-8.0.31.jar;D:\work\temp\repository\org\springframework\boot\spring-boot-starter-test\2.7.6\spring-boot-starter-test-2.7.6.jar;D:\work\temp\repository\org\springframework\boot\spring-boot-test\2.7.6\spring-boot-test-2.7.6.jar;D:\work\temp\repository\org\springframework\boot\spring-boot-test-autoconfigure\2.7.6\spring-boot-test-autoconfigure-2.7.6.jar;D:\work\temp\repository\com\jayway\jsonpath\json-path\2.7.0\json-path-2.7.0.jar;D:\work\temp\repository\net\minidev\json-smart\2.4.8\json-smart-2.4.8.jar;D:\work\temp\repository\net\minidev\accessors-smart\2.4.8\accessors-smart-2.4.8.jar;D:\work\temp\repository\org\ow2\asm\asm\9.1\asm-9.1.jar;D:\work\temp\repository\jakarta\xml\bind\jakarta.xml.bind-api\2.3.3\jakarta.xml.bind-api-2.3.3.jar;D:\work\temp\repository\jakarta\activation\jakarta.activation-api\1.2.2\jakarta.activation-api-1.2.2.jar;D:\work\temp\repository\org\assertj\assertj-core\3.22.0\assertj-core-3.22.0.jar;D:\work\temp\repository\org\hamcrest\hamcrest\2.2\hamcrest-2.2.jar;D:\work\temp\repository\org\junit\jupiter\junit-jupiter\5.8.2\junit-jupiter-5.8.2.jar;D:\work\temp\repository\org\junit\jupiter\junit-jupiter-api\5.8.2\junit-jupiter-api-5.8.2.jar;D:\work\temp\repository\org\opentest4j\opentest4j\1.2.0\opentest4j-1.2.0.jar;D:\work\temp\repository\org\junit\platform\junit-platform-commons\1.8.2\junit-platform-commons-1.8.2.jar;D:\work\temp\repository\org\apiguardian\apiguardian-api\1.1.2\apiguardian-api-1.1.2.jar;D:\work\temp\repository\org\junit\jupiter\junit-jupiter-params\5.8.2\junit-jupiter-params-5.8.2.jar;D:\work\temp\repository\org\junit\jupiter\junit-jupiter-engine\5.8.2\junit-jupiter-engine-5.8.2.jar;D:\work\temp\repository\org\junit\platform\junit-platform-engine\1.8.2\junit-platform-engine-1.8.2.jar;D:\work\temp\repository\org\mockito\mockito-core\4.5.1\mockito-core-4.5.1.jar;D:\work\temp\repository\net\bytebuddy\byte-buddy\1.12.19\byte-buddy-1.12.19.jar;D:\work\temp\repository\net\bytebuddy\byte-buddy-agent\1.12.19\byte-buddy-agent-1.12.19.jar;D:\work\temp\repository\org\objenesis\objenesis\3.2\objenesis-3.2.jar;D:\work\temp\repository\org\mockito\mockito-junit-jupiter\4.5.1\mockito-junit-jupiter-4.5.1.jar;D:\work\temp\repository\org\skyscreamer\jsonassert\1.5.1\jsonassert-1.5.1.jar;D:\work\temp\repository\com\vaadin\external\google\android-json\0.0.20131108.vaadin1\android-json-0.0.20131108.vaadin1.jar;D:\work\temp\repository\org\springframework\spring-core\5.3.24\spring-core-5.3.24.jar;D:\work\temp\repository\org\springframework\spring-jcl\5.3.24\spring-jcl-5.3.24.jar;D:\work\temp\repository\org\springframework\spring-test\5.3.24\spring-test-5.3.24.jar;D:\work\temp\repository\org\xmlunit\xmlunit-core\2.9.0\xmlunit-core-2.9.0.jar;"/>
    <property name="java.vm.vendor" value="Oracle Corporation"/>
    <property name="sun.arch.data.model" value="64"/>
    <property name="user.variant" value=""/>
    <property name="java.vendor.url" value="http://java.oracle.com/"/>
    <property name="user.timezone" value="Asia/Shanghai"/>
    <property name="java.vm.specification.version" value="1.8"/>
    <property name="os.name" value="Windows 10"/>
    <property name="user.country" value="CN"/>
    <property name="sun.java.launcher" value="SUN_STANDARD"/>
    <property name="sun.boot.library.path" value="C:\Program Files\Java\jdk1.8.0_91\jre\bin"/>
    <property name="sun.java.command" value="C:\Users\deer-li\AppData\Local\Temp\surefire2445402664693129758\surefirebooter4355569219107107962.jar C:\Users\deer-li\AppData\Local\Temp\surefire2445402664693129758 2022-11-25T18-24-46_123-jvmRun1 surefire8832210027297432876tmp surefire_02877353693893415148tmp"/>
    <property name="surefire.test.class.path" value="D:\graduate\target\test-classes;D:\graduate\target\classes;D:\work\temp\repository\org\springframework\boot\spring-boot-starter-data-mongodb\2.7.6\spring-boot-starter-data-mongodb-2.7.6.jar;D:\work\temp\repository\org\springframework\boot\spring-boot-starter\2.7.6\spring-boot-starter-2.7.6.jar;D:\work\temp\repository\org\springframework\boot\spring-boot\2.7.6\spring-boot-2.7.6.jar;D:\work\temp\repository\org\springframework\boot\spring-boot-autoconfigure\2.7.6\spring-boot-autoconfigure-2.7.6.jar;D:\work\temp\repository\org\springframework\boot\spring-boot-starter-logging\2.7.6\spring-boot-starter-logging-2.7.6.jar;D:\work\temp\repository\ch\qos\logback\logback-classic\1.2.11\logback-classic-1.2.11.jar;D:\work\temp\repository\ch\qos\logback\logback-core\1.2.11\logback-core-1.2.11.jar;D:\work\temp\repository\org\apache\logging\log4j\log4j-to-slf4j\2.17.2\log4j-to-slf4j-2.17.2.jar;D:\work\temp\repository\org\apache\logging\log4j\log4j-api\2.17.2\log4j-api-2.17.2.jar;D:\work\temp\repository\org\slf4j\jul-to-slf4j\1.7.36\jul-to-slf4j-1.7.36.jar;D:\work\temp\repository\jakarta\annotation\jakarta.annotation-api\1.3.5\jakarta.annotation-api-1.3.5.jar;D:\work\temp\repository\org\yaml\snakeyaml\1.30\snakeyaml-1.30.jar;D:\work\temp\repository\org\mongodb\mongodb-driver-sync\4.6.1\mongodb-driver-sync-4.6.1.jar;D:\work\temp\repository\org\mongodb\bson\4.6.1\bson-4.6.1.jar;D:\work\temp\repository\org\mongodb\mongodb-driver-core\4.6.1\mongodb-driver-core-4.6.1.jar;D:\work\temp\repository\org\mongodb\bson-record-codec\4.6.1\bson-record-codec-4.6.1.jar;D:\work\temp\repository\org\springframework\data\spring-data-mongodb\3.4.6\spring-data-mongodb-3.4.6.jar;D:\work\temp\repository\org\springframework\spring-tx\5.3.24\spring-tx-5.3.24.jar;D:\work\temp\repository\org\springframework\spring-context\5.3.24\spring-context-5.3.24.jar;D:\work\temp\repository\org\springframework\spring-beans\5.3.24\spring-beans-5.3.24.jar;D:\work\temp\repository\org\springframework\spring-expression\5.3.24\spring-expression-5.3.24.jar;D:\work\temp\repository\org\springframework\data\spring-data-commons\2.7.6\spring-data-commons-2.7.6.jar;D:\work\temp\repository\org\slf4j\slf4j-api\1.7.36\slf4j-api-1.7.36.jar;D:\work\temp\repository\org\springframework\boot\spring-boot-starter-web\2.7.6\spring-boot-starter-web-2.7.6.jar;D:\work\temp\repository\org\springframework\boot\spring-boot-starter-json\2.7.6\spring-boot-starter-json-2.7.6.jar;D:\work\temp\repository\com\fasterxml\jackson\core\jackson-databind\2.13.4.2\jackson-databind-2.13.4.2.jar;D:\work\temp\repository\com\fasterxml\jackson\core\jackson-annotations\2.13.4\jackson-annotations-2.13.4.jar;D:\work\temp\repository\com\fasterxml\jackson\core\jackson-core\2.13.4\jackson-core-2.13.4.jar;D:\work\temp\repository\com\fasterxml\jackson\datatype\jackson-datatype-jdk8\2.13.4\jackson-datatype-jdk8-2.13.4.jar;D:\work\temp\repository\com\fasterxml\jackson\datatype\jackson-datatype-jsr310\2.13.4\jackson-datatype-jsr310-2.13.4.jar;D:\work\temp\repository\com\fasterxml\jackson\module\jackson-module-parameter-names\2.13.4\jackson-module-parameter-names-2.13.4.jar;D:\work\temp\repository\org\springframework\boot\spring-boot-starter-tomcat\2.7.6\spring-boot-starter-tomcat-2.7.6.jar;D:\work\temp\repository\org\apache\tomcat\embed\tomcat-embed-core\9.0.69\tomcat-embed-core-9.0.69.jar;D:\work\temp\repository\org\apache\tomcat\embed\tomcat-embed-el\9.0.69\tomcat-embed-el-9.0.69.jar;D:\work\temp\repository\org\apache\tomcat\embed\tomcat-embed-websocket\9.0.69\tomcat-embed-websocket-9.0.69.jar;D:\work\temp\repository\org\springframework\spring-web\5.3.24\spring-web-5.3.24.jar;D:\work\temp\repository\org\springframework\spring-webmvc\5.3.24\spring-webmvc-5.3.24.jar;D:\work\temp\repository\org\springframework\spring-aop\5.3.24\spring-aop-5.3.24.jar;D:\work\temp\repository\com\mysql\mysql-connector-j\8.0.31\mysql-connector-j-8.0.31.jar;D:\work\temp\repository\org\springframework\boot\spring-boot-starter-test\2.7.6\spring-boot-starter-test-2.7.6.jar;D:\work\temp\repository\org\springframework\boot\spring-boot-test\2.7.6\spring-boot-test-2.7.6.jar;D:\work\temp\repository\org\springframework\boot\spring-boot-test-autoconfigure\2.7.6\spring-boot-test-autoconfigure-2.7.6.jar;D:\work\temp\repository\com\jayway\jsonpath\json-path\2.7.0\json-path-2.7.0.jar;D:\work\temp\repository\net\minidev\json-smart\2.4.8\json-smart-2.4.8.jar;D:\work\temp\repository\net\minidev\accessors-smart\2.4.8\accessors-smart-2.4.8.jar;D:\work\temp\repository\org\ow2\asm\asm\9.1\asm-9.1.jar;D:\work\temp\repository\jakarta\xml\bind\jakarta.xml.bind-api\2.3.3\jakarta.xml.bind-api-2.3.3.jar;D:\work\temp\repository\jakarta\activation\jakarta.activation-api\1.2.2\jakarta.activation-api-1.2.2.jar;D:\work\temp\repository\org\assertj\assertj-core\3.22.0\assertj-core-3.22.0.jar;D:\work\temp\repository\org\hamcrest\hamcrest\2.2\hamcrest-2.2.jar;D:\work\temp\repository\org\junit\jupiter\junit-jupiter\5.8.2\junit-jupiter-5.8.2.jar;D:\work\temp\repository\org\junit\jupiter\junit-jupiter-api\5.8.2\junit-jupiter-api-5.8.2.jar;D:\work\temp\repository\org\opentest4j\opentest4j\1.2.0\opentest4j-1.2.0.jar;D:\work\temp\repository\org\junit\platform\junit-platform-commons\1.8.2\junit-platform-commons-1.8.2.jar;D:\work\temp\repository\org\apiguardian\apiguardian-api\1.1.2\apiguardian-api-1.1.2.jar;D:\work\temp\repository\org\junit\jupiter\junit-jupiter-params\5.8.2\junit-jupiter-params-5.8.2.jar;D:\work\temp\repository\org\junit\jupiter\junit-jupiter-engine\5.8.2\junit-jupiter-engine-5.8.2.jar;D:\work\temp\repository\org\junit\platform\junit-platform-engine\1.8.2\junit-platform-engine-1.8.2.jar;D:\work\temp\repository\org\mockito\mockito-core\4.5.1\mockito-core-4.5.1.jar;D:\work\temp\repository\net\bytebuddy\byte-buddy\1.12.19\byte-buddy-1.12.19.jar;D:\work\temp\repository\net\bytebuddy\byte-buddy-agent\1.12.19\byte-buddy-agent-1.12.19.jar;D:\work\temp\repository\org\objenesis\objenesis\3.2\objenesis-3.2.jar;D:\work\temp\repository\org\mockito\mockito-junit-jupiter\4.5.1\mockito-junit-jupiter-4.5.1.jar;D:\work\temp\repository\org\skyscreamer\jsonassert\1.5.1\jsonassert-1.5.1.jar;D:\work\temp\repository\com\vaadin\external\google\android-json\0.0.20131108.vaadin1\android-json-0.0.20131108.vaadin1.jar;D:\work\temp\repository\org\springframework\spring-core\5.3.24\spring-core-5.3.24.jar;D:\work\temp\repository\org\springframework\spring-jcl\5.3.24\spring-jcl-5.3.24.jar;D:\work\temp\repository\org\springframework\spring-test\5.3.24\spring-test-5.3.24.jar;D:\work\temp\repository\org\xmlunit\xmlunit-core\2.9.0\xmlunit-core-2.9.0.jar;"/>
    <property name="sun.cpu.endian" value="little"/>
    <property name="user.home" value="C:\Users\deer-li"/>
    <property name="user.language" value="zh"/>
    <property name="java.specification.vendor" value="Oracle Corporation"/>
    <property name="java.home" value="C:\Program Files\Java\jdk1.8.0_91\jre"/>
    <property name="basedir" value="D:\graduate"/>
    <property name="file.separator" value="\"/>
    <property name="line.separator" value="&#10;"/>
    <property name="java.vm.specification.vendor" value="Oracle Corporation"/>
    <property name="java.specification.name" value="Java Platform API Specification"/>
    <property name="java.awt.graphicsenv" value="sun.awt.Win32GraphicsEnvironment"/>
    <property name="surefire.real.class.path" value="C:\Users\deer-li\AppData\Local\Temp\surefire2445402664693129758\surefirebooter4355569219107107962.jar"/>
    <property name="sun.boot.class.path" value="C:\Program Files\Java\jdk1.8.0_91\jre\lib\resources.jar;C:\Program Files\Java\jdk1.8.0_91\jre\lib\rt.jar;C:\Program Files\Java\jdk1.8.0_91\jre\lib\sunrsasign.jar;C:\Program Files\Java\jdk1.8.0_91\jre\lib\jsse.jar;C:\Program Files\Java\jdk1.8.0_91\jre\lib\jce.jar;C:\Program Files\Java\jdk1.8.0_91\jre\lib\charsets.jar;C:\Program Files\Java\jdk1.8.0_91\jre\lib\jfr.jar;C:\Program Files\Java\jdk1.8.0_91\jre\classes"/>
    <property name="user.script" value=""/>
    <property name="sun.management.compiler" value="HotSpot 64-Bit Tiered Compilers"/>
    <property name="java.runtime.version" value="1.8.0_91-b15"/>
    <property name="user.name" value="deer-li"/>
    <property name="path.separator" value=";"/>
    <property name="os.version" value="10.0"/>
    <property name="java.endorsed.dirs" value="C:\Program Files\Java\jdk1.8.0_91\jre\lib\endorsed"/>
    <property name="java.runtime.name" value="Java(TM) SE Runtime Environment"/>
    <property name="file.encoding" value="GBK"/>
    <property name="java.vm.name" value="Java HotSpot(TM) 64-Bit Server VM"/>
    <property name="localRepository" value="D:\work\temp\repository"/>
    <property name="java.vendor.url.bug" value="http://bugreport.sun.com/bugreport/"/>
    <property name="java.io.tmpdir" value="C:\Users\deer-li\AppData\Local\Temp\"/>
    <property name="idea.version" value="2022.2.1"/>
    <property name="java.version" value="1.8.0_91"/>
    <property name="user.dir" value="D:\graduate"/>
    <property name="os.arch" value="amd64"/>
    <property name="java.vm.specification.name" value="Java Virtual Machine Specification"/>
    <property name="java.awt.printerjob" value="sun.awt.windows.WPrinterJob"/>
    <property name="sun.os.patch.level" value=""/>
    <property name="java.library.path" value="C:\Program Files\Java\jdk1.8.0_91\jre\bin;C:\WINDOWS\Sun\Java\bin;C:\WINDOWS\system32;C:\WINDOWS;C:\oracle\ora90\bin;D:\VMware workstation 16\bin\;C:\WINDOWS\system32;C:\WINDOWS;C:\WINDOWS\System32\Wbem;C:\WINDOWS\System32\WindowsPowerShell\v1.0\;C:\WINDOWS\System32\OpenSSH\;C:\Program Files\Java\jdk1.8.0_91\bin;D:\mysql-5.7.10-winx64\bin;D:\Git\cmd;D:\google chrome download\x86_64-8.1.0-release-win32-seh-rt_v6-rev0\mingw64\bin;D:\nodejs\;D:\nodejs\node_global\bin;D:\google chrome download\Redis-x64-5.0.14.1;c:\aspectj1.9\bin;D:\apache-maven-3.5.0\bin;C:\Users\deer-li\AppData\Local\Programs\Python\Python37\Scripts\;C:\Users\deer-li\AppData\Local\Programs\Python\Python37\;C:\Users\deer-li\AppData\Local\Microsoft\WindowsApps;C:\Users\deer-li\AppData\Local\Programs\Microsoft VS Code\bin;D:\VSCode\Microsoft VS Code\bin;D:\nodejs\node_global;;."/>
    <property name="java.vm.info" value="mixed mode"/>
    <property name="java.vendor" value="Oracle Corporation"/>
    <property name="java.vm.version" value="25.91-b15"/>
    <property name="java.ext.dirs" value="C:\Program Files\Java\jdk1.8.0_91\jre\lib\ext;C:\WINDOWS\Sun\Java\lib\ext"/>
    <property name="sun.io.unicode.encoding" value="UnicodeLittle"/>
    <property name="java.class.version" value="52.0"/>
  </properties>
  <testcase name="contextLoads" classname="com.hfuu.graduate.GraduateApplicationTests" time="0.187"/>
</testsuite>